\BOOKMARK [1][-]{figure.caption.2}{\376\377\000C\000e\000r\000t\000i\000f\000i\000c\000a\000t\000e\000\040\000o\000f\000\040\000A\000p\000p\000r\000o\000v\000a\000l}{}% 1
\BOOKMARK [1][-]{chapter*.3}{\376\377\000C\000o\000p\000y\000r\000i\000g\000h\000t}{}% 2
\BOOKMARK [1][-]{chapter*.4}{\376\377\000A\000c\000k\000n\000o\000w\000l\000e\000d\000g\000e\000m\000e\000n\000t}{}% 3
\BOOKMARK [1][-]{chapter*.5}{\376\377\000A\000b\000s\000t\000r\000a\000c\000t}{}% 4
\BOOKMARK [1][-]{chapter*.7}{\376\377\000L\000i\000s\000t\000\040\000o\000f\000\040\000T\000a\000b\000l\000e\000s}{}% 5
\BOOKMARK [1][-]{chapter*.8}{\376\377\000L\000i\000s\000t\000\040\000o\000f\000\040\000F\000i\000g\000u\000r\000e\000s}{}% 6
\BOOKMARK [1][-]{chapter*.9}{\376\377\000L\000i\000s\000t\000\040\000o\000f\000\040\000S\000y\000m\000b\000o\000l\000s\000\040\000a\000n\000d\000\040\000A\000b\000b\000r\000e\000v\000i\000a\000t\000i\000o\000n}{}% 7
\BOOKMARK [0][-]{chapter.1}{\376\377\000I\000n\000t\000r\000o\000d\000u\000c\000t\000i\000o\000n}{}% 8
\BOOKMARK [1][-]{section.1.1}{\376\377\000B\000a\000c\000k\000g\000r\000o\000u\000n\000d\000\040\000I\000n\000t\000r\000o\000d\000u\000c\000t\000i\000o\000n}{chapter.1}% 9
\BOOKMARK [1][-]{section.1.2}{\376\377\000P\000r\000o\000b\000l\000e\000m\000\040\000S\000t\000a\000t\000e\000m\000e\000n\000t}{chapter.1}% 10
\BOOKMARK [1][-]{section.1.3}{\376\377\000O\000b\000e\000j\000c\000t\000i\000v\000e}{chapter.1}% 11
\BOOKMARK [0][-]{chapter.2}{\376\377\000L\000i\000t\000e\000r\000a\000t\000u\000r\000e\000\040\000R\000e\000v\000i\000e\000w}{}% 12
\BOOKMARK [0][-]{chapter.3}{\376\377\000R\000e\000q\000u\000i\000r\000e\000m\000e\000n\000t\000\040\000A\000n\000a\000l\000y\000s\000i\000s}{}% 13
\BOOKMARK [1][-]{section.3.1}{\376\377\000S\000O\000F\000T\000W\000A\000R\000E\000\040\000R\000E\000Q\000U\000I\000R\000E\000M\000E\000N\000T}{chapter.3}% 14
\BOOKMARK [2][-]{subsection.3.1.1}{\376\377\000P\000y\000t\000h\000o\000n}{section.3.1}% 15
\BOOKMARK [2][-]{subsection.3.1.2}{\376\377\000P\000H\000P}{section.3.1}% 16
\BOOKMARK [2][-]{subsection.3.1.3}{\376\377\000M\000y\000S\000Q\000L}{section.3.1}% 17
\BOOKMARK [2][-]{subsection.3.1.4}{\376\377\000K\000e\000r\000a\000s}{section.3.1}% 18
\BOOKMARK [2][-]{subsection.3.1.5}{\376\377\000F\000l\000a\000s\000k}{section.3.1}% 19
\BOOKMARK [2][-]{subsection.3.1.6}{\376\377\000J\000a\000v\000a\000S\000c\000r\000i\000p\000t}{section.3.1}% 20
\BOOKMARK [1][-]{section.3.2}{\376\377\000F\000U\000N\000C\000T\000I\000O\000N\000A\000L\000\040\000R\000E\000Q\000U\000I\000R\000E\000M\000E\000N\000T}{chapter.3}% 21
\BOOKMARK [2][-]{subsection.3.2.1}{\376\377\000D\000a\000t\000a\000s\000e\000t\000\040\000L\000a\000b\000e\000l\000e\000r}{section.3.2}% 22
\BOOKMARK [2][-]{subsection.3.2.2}{\376\377\000N\000e\000p\000a\000l\000i\000\040\000N\000e\000w\000s\000\040\000W\000e\000b\000\040\000S\000c\000r\000a\000p\000p\000e\000r}{section.3.2}% 23
\BOOKMARK [2][-]{subsection.3.2.3}{\376\377\000I\000n\000f\000e\000r\000e\000n\000c\000e\000\040\000S\000y\000s\000t\000e\000m}{section.3.2}% 24
\BOOKMARK [1][-]{section.3.3}{\376\377\000N\000O\000N\000-\000F\000U\000N\000C\000T\000I\000O\000N\000A\000L\000\040\000R\000E\000Q\000U\000I\000R\000E\000M\000E\000N\000T}{chapter.3}% 25
\BOOKMARK [2][-]{subsection.3.3.1}{\376\377\000R\000e\000l\000i\000a\000b\000i\000l\000i\000t\000y}{section.3.3}% 26
\BOOKMARK [2][-]{subsection.3.3.2}{\376\377\000M\000a\000i\000n\000t\000a\000i\000n\000a\000b\000i\000l\000i\000t\000y}{section.3.3}% 27
\BOOKMARK [2][-]{subsection.3.3.3}{\376\377\000P\000e\000r\000f\000o\000r\000m\000a\000n\000c\000e}{section.3.3}% 28
\BOOKMARK [2][-]{subsection.3.3.4}{\376\377\000P\000o\000r\000t\000a\000b\000i\000l\000i\000t\000y}{section.3.3}% 29
\BOOKMARK [1][-]{section.3.4}{\376\377\000F\000E\000A\000S\000I\000B\000I\000L\000I\000T\000Y\000\040\000S\000T\000U\000D\000Y}{chapter.3}% 30
\BOOKMARK [2][-]{subsection.3.4.1}{\376\377\000E\000c\000o\000n\000o\000m\000i\000c\000\040\000F\000e\000a\000s\000i\000b\000i\000l\000i\000t\000y}{section.3.4}% 31
\BOOKMARK [2][-]{subsection.3.4.2}{\376\377\000T\000e\000c\000h\000n\000i\000c\000a\000l\000\040\000F\000e\000a\000s\000i\000b\000i\000l\000i\000t\000y}{section.3.4}% 32
\BOOKMARK [2][-]{subsection.3.4.3}{\376\377\000O\000p\000e\000r\000a\000t\000i\000o\000n\000a\000l\000\040\000F\000e\000a\000s\000i\000b\000i\000l\000i\000t\000y}{section.3.4}% 33
\BOOKMARK [0][-]{chapter.4}{\376\377\000S\000y\000s\000t\000e\000m\000\040\000\050\000o\000r\000\040\000P\000r\000o\000j\000e\000c\000t\000\051\000\040\000D\000e\000s\000i\000g\000n\000\040\000a\000n\000d\000\040\000A\000r\000c\000h\000i\000t\000e\000c\000t\000u\000r\000e}{}% 34
\BOOKMARK [1][-]{section.4.1}{\376\377\000U\000S\000E\000\040\000C\000A\000S\000E\000\040\000D\000I\000A\000G\000R\000A\000M}{chapter.4}% 35
\BOOKMARK [1][-]{section.4.2}{\376\377\000S\000y\000s\000t\000e\000m\000\040\000B\000l\000o\000c\000k\000\051}{chapter.4}% 36
\BOOKMARK [1][-]{section.4.3}{\376\377\000S\000e\000q\000u\000e\000n\000c\000e\000\040\000D\000i\000a\000g\000r\000a\000m}{chapter.4}% 37
\BOOKMARK [0][-]{chapter.5}{\376\377\000M\000e\000t\000h\000o\000d\000o\000l\000o\000g\000y}{}% 38
\BOOKMARK [1][-]{section.5.1}{\376\377\000S\000O\000F\000T\000W\000A\000R\000E\000\040\000D\000E\000V\000E\000L\000O\000P\000M\000E\000N\000T\000\040\000A\000P\000P\000R\000O\000A\000C\000H}{chapter.5}% 39
\BOOKMARK [1][-]{section.5.2}{\376\377\000D\000A\000T\000A\000\040\000C\000O\000L\000L\000E\000C\000T\000I\000O\000N}{chapter.5}% 40
\BOOKMARK [2][-]{subsection.5.2.1}{\376\377\000T\000w\000i\000t\000t\000e\000r\000\040\000T\000w\000e\000e\000t\000\040\000C\000o\000l\000l\000e\000c\000t\000i\000o\000n}{section.5.2}% 41
\BOOKMARK [1][-]{section.5.3}{\376\377\000D\000A\000T\000A\000\040\000P\000R\000E\000P\000A\000R\000A\000T\000I\000O\000N}{chapter.5}% 42
\BOOKMARK [2][-]{subsection.5.3.1}{\376\377\000T\000o\000k\000e\000n\000i\000z\000a\000t\000i\000o\000n}{section.5.3}% 43
\BOOKMARK [2][-]{subsection.5.3.2}{\376\377\000S\000t\000o\000p\000\040\000W\000o\000r\000d\000s\000\040\000R\000e\000m\000o\000v\000a\000l}{section.5.3}% 44
\BOOKMARK [2][-]{subsection.5.3.3}{\376\377\000S\000t\000e\000m\000m\000i\000n\000g}{section.5.3}% 45
\BOOKMARK [2][-]{subsection.5.3.4}{\376\377\000W\000o\000r\000d\0002\000V\000e\000c}{section.5.3}% 46
\BOOKMARK [2][-]{subsection.5.3.5}{\376\377\000L\000a\000b\000e\000l\000i\000n\000g\000\040\000S\000y\000s\000t\000e\000m}{section.5.3}% 47
\BOOKMARK [2][-]{subsection.5.3.6}{\376\377\000P\000O\000S\000\040\000T\000a\000g\000g\000i\000n\000g}{section.5.3}% 48
\BOOKMARK [2][-]{subsection.5.3.7}{\376\377\000O\000n\000e\000\040\000H\000o\000t\000\040\000E\000n\000c\000o\000d\000e\000r}{section.5.3}% 49
\BOOKMARK [1][-]{section.5.4}{\376\377\000T\000R\000A\000I\000N\000I\000N\000G}{chapter.5}% 50
\BOOKMARK [1][-]{section.5.5}{\376\377\000A\000L\000G\000O\000R\000I\000T\000H\000M\000S\000\040\000A\000N\000D\000\040\000M\000O\000D\000E\000L\000S}{chapter.5}% 51
\BOOKMARK [2][-]{subsection.5.5.1}{\376\377\000T\000o\000k\000e\000n\000i\000z\000a\000t\000i\000o\000n\000\040\000A\000l\000g\000o\000r\000i\000t\000h\000m}{section.5.5}% 52
\BOOKMARK [2][-]{subsection.5.5.2}{\376\377\000S\000t\000e\000m\000m\000i\000n\000g\000\040\000A\000l\000g\000o\000r\000i\000t\000h\000m}{section.5.5}% 53
\BOOKMARK [2][-]{subsection.5.5.3}{\376\377\000W\000o\000r\000d\0002\000V\000e\000c\000\040\000V\000e\000c\000t\000o\000r\000i\000z\000a\000t\000i\000o\000n}{section.5.5}% 54
\BOOKMARK [2][-]{subsection.5.5.4}{\376\377\000P\000e\000r\000c\000e\000p\000t\000r\000o\000n}{section.5.5}% 55
\BOOKMARK [2][-]{subsection.5.5.5}{\376\377\000L\000S\000T\000M\000\040\000R\000N\000N\000\040\000M\000o\000d\000e\000l}{section.5.5}% 56
\BOOKMARK [3][-]{subsubsection.5.5.5.1}{\376\377\000L\000S\000T\000M\000-\000R\000N\000N}{subsection.5.5.5}% 57
\BOOKMARK [3][-]{subsubsection.5.5.5.2}{\376\377\000C\000l\000a\000s\000s\000i\000f\000i\000c\000a\000t\000i\000o\000n\000\040\000M\000o\000d\000e\000l}{subsection.5.5.5}% 58
\BOOKMARK [2][-]{subsection.5.5.6}{\376\377\000A\000t\000t\000e\000n\000t\000i\000o\000n\000\040\000b\000a\000s\000e\000d\000\040\000L\000S\000T\000M\000\040\000R\000N\000N\000\040\000M\000o\000d\000e\000l}{section.5.5}% 59
\BOOKMARK [3][-]{subsubsection.5.5.6.1}{\376\377\000A\000t\000t\000e\000n\000t\000i\000o\000n\000\040\000M\000e\000c\000h\000a\000n\000i\000s\000m}{subsection.5.5.6}% 60
\BOOKMARK [3][-]{subsubsection.5.5.6.2}{\376\377\000C\000l\000a\000s\000s\000i\000f\000i\000c\000a\000t\000i\000o\000n\000\040\000M\000o\000d\000e\000l}{subsection.5.5.6}% 61
\BOOKMARK [2][-]{subsection.5.5.7}{\376\377\000P\000O\000S\000\040\000I\000n\000t\000e\000g\000r\000a\000t\000e\000d\000\040\000L\000S\000T\000M\000\040\000R\000N\000N\000\040\000M\000o\000d\000e\000l}{section.5.5}% 62
\BOOKMARK [3][-]{subsubsection.5.5.7.1}{\376\377\000P\000O\000S\000\040\000T\000a\000g\000g\000i\000n\000g\000\040\000M\000o\000d\000e\000l}{subsection.5.5.7}% 63
\BOOKMARK [3][-]{subsubsection.5.5.7.2}{\376\377\000S\000e\000n\000t\000i\000m\000e\000n\000t\000\040\000w\000i\000t\000h\000\040\000P\000O\000S}{subsection.5.5.7}% 64
\BOOKMARK [3][-]{subsubsection.5.5.7.3}{\376\377\000S\000e\000n\000t\000i\000m\000e\000n\000t\000\040\000w\000i\000t\000h\000\040\000P\000O\000S\000\040\000a\000n\000d\000\040\000A\000t\000t\000e\000n\000t\000i\000o\000n}{subsection.5.5.7}% 65
\BOOKMARK [1][-]{section.5.6}{\376\377\000D\000E\000S\000C\000R\000I\000P\000T\000I\000O\000N\000\040\000O\000F\000\040\000D\000A\000T\000A\000\040\000L\000A\000B\000E\000L\000I\000N\000G\000\040\000S\000Y\000S\000T\000E\000M}{chapter.5}% 66
\BOOKMARK [1][-]{section.5.7}{\376\377\000D\000E\000S\000C\000R\000I\000P\000T\000I\000O\000N\000\040\000O\000F\000\040\000I\000N\000F\000E\000R\000E\000N\000C\000E\000\040\000S\000Y\000S\000T\000E\000M}{chapter.5}% 67
\BOOKMARK [0][-]{chapter.6}{\376\377\000E\000x\000p\000e\000c\000t\000e\000d\000\040\000O\000u\000t\000c\000o\000m\000e\000s}{}% 68
